<?xml version="1.0" encoding="UTF-8"?>
<!-- Generated by org.testng.reporters.JUnitReportReporter -->
<testsuite hostname="DESKTOP-2KNJHJ9" failures="0" tests="1" name="testClasses.GiftCard" time="61.984" errors="0" timestamp="2021-03-25T15:33:04 IST" skipped="0">
  <testcase classname="testClasses.GiftCard" name="testForGiftCards" time="61.984"/>
  <system-out/>
</testsuite> <!-- testClasses.GiftCard -->
