<?xml version="1.0" encoding="UTF-8"?>
<!-- Generated by org.testng.reporters.JUnitReportReporter -->
<testsuite hostname="DESKTOP-2KNJHJ9" failures="0" tests="1" name="testClasses.GetHomeItems" time="36.420" errors="0" timestamp="2021-03-24T17:05:08 IST" skipped="0">
  <testcase classname="testClasses.GetHomeItems" name="getHomeListItems_one" time="36.420"/>
  <system-out/>
</testsuite> <!-- testClasses.GetHomeItems -->
