<?xml version="1.0" encoding="UTF-8"?>
<!-- Generated by org.testng.reporters.JUnitReportReporter -->
<testsuite hostname="DESKTOP-2KNJHJ9" failures="0" tests="1" name="com.Hackatone.TestClasses.GetBookshelves" time="100.864" errors="0" timestamp="23 Mar 2021 03:24:05 GMT" skipped="0">
  <testcase classname="com.Hackatone.TestClasses.GetBookshelves" name="testOneForBookshelves" time="100.864"/>
</testsuite> <!-- com.Hackatone.TestClasses.GetBookshelves -->
