<?xml version="1.0" encoding="UTF-8"?>
<!-- Generated by org.testng.reporters.JUnitReportReporter -->
<testsuite hostname="DESKTOP-2KNJHJ9" failures="0" tests="1" name="testClasses.GetHomeItems" time="56.295" errors="0" timestamp="2021-03-24T17:39:06 IST" skipped="0">
  <testcase classname="testClasses.GetHomeItems" name="getHomeListItems_one" time="56.295"/>
  <system-out/>
</testsuite> <!-- testClasses.GetHomeItems -->
