<?xml version="1.0" encoding="UTF-8"?>
<!-- Generated by org.testng.reporters.JUnitReportReporter -->
<testsuite hostname="DESKTOP-2KNJHJ9" failures="0" tests="1" name="testClasses.GiftCard" time="74.948" errors="0" timestamp="2021-03-24T17:39:06 IST" skipped="0">
  <testcase classname="testClasses.GiftCard" name="testForGiftCards" time="74.948"/>
  <system-out/>
</testsuite> <!-- testClasses.GiftCard -->
