<?xml version="1.0" encoding="UTF-8"?>
<!-- Generated by org.testng.reporters.JUnitReportReporter -->
<testsuite hostname="DESKTOP-2KNJHJ9" failures="0" tests="1" name="com.Hackatone.TestClasses.GetStudyChair" time="33.612" errors="0" timestamp="2021-03-23T18:04:06 IST" skipped="0">
  <testcase classname="com.Hackatone.TestClasses.GetStudyChair" name="testForStudyChairs" time="33.612"/>
  <system-out/>
</testsuite> <!-- com.Hackatone.TestClasses.GetStudyChair -->
