<?xml version="1.0" encoding="UTF-8"?>
<!-- Generated by org.testng.reporters.JUnitReportReporter -->
<testsuite hostname="DESKTOP-2KNJHJ9" failures="0" tests="1" name="com.Hackatone.TestClasses.GiftCard" time="55.333" errors="0" timestamp="23 Mar 2021 03:24:05 GMT" skipped="0">
  <testcase classname="com.Hackatone.TestClasses.GiftCard" name="testForGiftCards" time="55.333"/>
</testsuite> <!-- com.Hackatone.TestClasses.GiftCard -->
