<?xml version="1.0" encoding="UTF-8"?>
<!-- Generated by org.testng.reporters.JUnitReportReporter -->
<testsuite hostname="DESKTOP-2KNJHJ9" failures="0" tests="1" name="com.Hackatone.TestClasses.GetStudyChair" time="74.346" errors="0" timestamp="18 Mar 2021 10:50:21 GMT" skipped="0">
  <testcase classname="com.Hackatone.TestClasses.GetStudyChair" name="testForStudyChairs" time="74.346"/>
</testsuite> <!-- com.Hackatone.TestClasses.GetStudyChair -->
