<?xml version="1.0" encoding="UTF-8"?>
<!-- Generated by org.testng.reporters.JUnitReportReporter -->
<testsuite hostname="DESKTOP-2KNJHJ9" failures="0" tests="1" name="com.Hackatone.TestClasses.GetBookshelves" time="51.753" errors="0" timestamp="2021-03-23T18:04:06 IST" skipped="0">
  <testcase classname="com.Hackatone.TestClasses.GetBookshelves" name="testOneForBookshelves" time="51.753"/>
  <system-out/>
</testsuite> <!-- com.Hackatone.TestClasses.GetBookshelves -->
