<?xml version="1.0" encoding="UTF-8"?>
<!-- Generated by org.testng.reporters.JUnitReportReporter -->
<testsuite hostname="DESKTOP-2KNJHJ9" failures="0" tests="1" name="testClasses.GetBookshelves" time="87.416" errors="0" timestamp="2021-03-25T15:33:04 IST" skipped="0">
  <testcase classname="testClasses.GetBookshelves" name="testOneForBookshelves" time="87.416"/>
  <system-out/>
</testsuite> <!-- testClasses.GetBookshelves -->
