<?xml version="1.0" encoding="UTF-8"?>
<!-- Generated by org.testng.reporters.JUnitReportReporter -->
<testsuite hostname="DESKTOP-2KNJHJ9" failures="0" tests="1" name="testClasses.GetStudyChair" time="52.206" errors="0" timestamp="2021-03-24T17:39:06 IST" skipped="0">
  <testcase classname="testClasses.GetStudyChair" name="testForStudyChairs" time="52.206"/>
  <system-out/>
</testsuite> <!-- testClasses.GetStudyChair -->
