<?xml version="1.0" encoding="UTF-8"?>
<!-- Generated by org.testng.reporters.JUnitReportReporter -->
<testsuite hostname="DESKTOP-2KNJHJ9" failures="0" tests="1" name="com.Hackatone.TestClasses.GetStudyChair" time="71.000" errors="0" timestamp="2021-03-19T14:48:27 IST" skipped="0">
  <testcase classname="com.Hackatone.TestClasses.GetStudyChair" name="testForStudyChairs" time="71.000"/>
  <system-out/>
</testsuite> <!-- com.Hackatone.TestClasses.GetStudyChair -->
