<?xml version="1.0" encoding="UTF-8"?>
<!-- Generated by org.testng.reporters.JUnitReportReporter -->
<testsuite hostname="DESKTOP-2KNJHJ9" failures="0" tests="1" name="com.Hackatone.TestClasses.GiftCard" time="128.296" errors="0" timestamp="2021-03-12T17:33:14 IST" skipped="0">
  <testcase classname="com.Hackatone.TestClasses.GiftCard" name="testForGiftCards" time="128.296"/>
  <system-out/>
</testsuite> <!-- com.Hackatone.TestClasses.GiftCard -->
